<?xml version="1.0" encoding="UTF-8"?>
<testsuite xmlns:xsi="http://www.w3.org/2001/XMLSchema-instance" xsi:noNamespaceSchemaLocation="https://maven.apache.org/surefire/maven-surefire-plugin/xsd/surefire-test-report-3.0.xsd" version="3.0" name="fatec.lista_tarefas.repositories.TarefaRepositoryTest" time="1.211" tests="3" errors="0" skipped="0" failures="0">
  <properties>
[...]
</properties>
  <testcase name="deletarDeveRemoverTarefa" classname="fatec.lista_tarefas.repositories.TarefaRepositoryTest" time="0.088">
    <system-out><![CDATA[2026-04-22T16:40:34.336-03:00  INFO 71897 --- [           main] t.c.s.AnnotationConfigContextLoaderUtils : Could not detect default configuration classes for test class [fatec.lista_tarefas.repositories.TarefaRepositoryTest]: TarefaRepositoryTest does not declare any static, non-private, non-final, nested classes annotated with @Configuration.
2026-04-22T16:40:34.413-03:00  INFO 71897 --- [           main] .b.t.c.SpringBootTestContextBootstrapper : Found @SpringBootConfiguration fatec.lista_tarefas.ListaTarefasApplication for test class fatec.lista_tarefas.repositories.TarefaRepositoryTest

  .   ____          _            __ _ _
 /\\ / ___'_ __ _ _(_)_ __  __ _ \ \ \ \
( ( )\___ | '_ | '_| | '_ \/ _` | \ \ \ \
 \\/  ___)| |_)| | | | | || (_| |  ) ) ) )
  '  |____| .__|_| |_|_| |_\__, | / / / /
 =========|_|==============|___/=/_/_/_/
 :: Spring Boot ::                (v3.2.5)

2026-04-22T16:40:34.512-03:00  INFO 71897 --- [           main] f.l.repositories.TarefaRepositoryTest    : Starting TarefaRepositoryTest using Java 17.0.18 with PID 71897 (started by thiago_dev in /home/thiago_dev/Documentos/DSM/6_sem/Lab/trabalho_1ºBi/lista-tarefas)
2026-04-22T16:40:34.513-03:00  INFO 71897 --- [           main] f.l.repositories.TarefaRepositoryTest    : No active profile set, falling back to 1 default profile: "default"
2026-04-22T16:40:34.840-03:00  INFO 71897 --- [           main] .s.d.r.c.RepositoryConfigurationDelegate : Bootstrapping Spring Data JPA repositories in DEFAULT mode.
2026-04-22T16:40:34.870-03:00  INFO 71897 --- [           main] .s.d.r.c.RepositoryConfigurationDelegate : Finished Spring Data repository scanning in 28 ms. Found 1 JPA repository interface.
2026-04-22T16:40:34.930-03:00  INFO 71897 --- [           main] beddedDataSourceBeanFactoryPostProcessor : Replacing 'dataSource' DataSource bean with embedded version
2026-04-22T16:40:35.006-03:00  INFO 71897 --- [           main] o.s.j.d.e.EmbeddedDatabaseFactory        : Starting embedded database: url='jdbc:h2:mem:e6c80555-cedd-4bfa-ac42-8640f1a800ee;DB_CLOSE_DELAY=-1;DB_CLOSE_ON_EXIT=false', username='sa'
2026-04-22T16:40:35.095-03:00  INFO 71897 --- [           main] o.hibernate.jpa.internal.util.LogHelper  : HHH000204: Processing PersistenceUnitInfo [name: default]
2026-04-22T16:40:35.105-03:00  INFO 71897 --- [           main] o.h.c.internal.RegionFactoryInitiator    : HHH000026: Second-level cache disabled
2026-04-22T16:40:35.117-03:00  INFO 71897 --- [           main] o.s.o.j.p.SpringPersistenceUnitInfo      : No LoadTimeWeaver setup: ignoring JPA class transformer
2026-04-22T16:40:35.123-03:00  WARN 71897 --- [           main] org.hibernate.orm.deprecation            : HHH90000025: H2Dialect does not need to be specified explicitly using 'hibernate.dialect' (remove the property setting and it will be selected by default)
2026-04-22T16:40:35.230-03:00  INFO 71897 --- [           main] o.h.e.t.j.p.i.JtaPlatformInitiator       : HHH000489: No JTA platform available (set 'hibernate.transaction.jta.platform' to enable JTA platform integration)
Hibernate: create table tarefas (id bigint generated by default as identity, data_atualizacao timestamp(6), data_criacao timestamp(6), descricao varchar(255), nome varchar(255) not null, observacoes varchar(255), status varchar(255) check (status in ('PENDENTE','EM_ANDAMENTO','CONCLUIDA')), primary key (id))
2026-04-22T16:40:35.240-03:00  INFO 71897 --- [           main] j.LocalContainerEntityManagerFactoryBean : Initialized JPA EntityManagerFactory for persistence unit 'default'
2026-04-22T16:40:35.383-03:00  INFO 71897 --- [           main] f.l.repositories.TarefaRepositoryTest    : Started TarefaRepositoryTest in 0.962 seconds (process running for 12.956)
Hibernate: insert into tarefas (data_atualizacao,data_criacao,descricao,nome,observacoes,status,id) values (?,?,?,?,?,?,default)
]]></system-out>
  </testcase>
  <testcase name="salvarDevePersistirTarefa" classname="fatec.lista_tarefas.repositories.TarefaRepositoryTest" time="0.019">
    <system-out><![CDATA[Hibernate: insert into tarefas (data_atualizacao,data_criacao,descricao,nome,observacoes,status,id) values (?,?,?,?,?,?,default)
]]></system-out>
  </testcase>
  <testcase name="buscarPorIdDeveRetornarTarefa" classname="fatec.lista_tarefas.repositories.TarefaRepositoryTest" time="0.017">
    <system-out><![CDATA[Hibernate: insert into tarefas (data_atualizacao,data_criacao,descricao,nome,observacoes,status,id) values (?,?,?,?,?,?,default)
]]></system-out>
  </testcase>
</testsuite>